02:43:17 **** Incremental Build of configuration Debug for project AnyCloud_BLE_Environmental_Sensing_Service ****
"C:\\Users\\Ritvi\\ModusToolbox\\tools_2.2\\modus-shell\\bin\\make" CY_MAKE_IDE=eclipse CY_MAKE_IDE_VERSION=2.2 CY_IDE_TOOLS_DIR=C:/Users/Ritvi/ModusToolbox/tools_2.2 -j8 all 
Tools Directory: C:/Users/Ritvi/ModusToolbox/tools_2.2
CY8CKIT-062-WIFI-BT.mk: ./libs/TARGET_CY8CKIT-062-WIFI-BT/CY8CKIT-062-WIFI-BT.mk

Prebuild operations complete
Commencing build operations...

Tools Directory: C:/Users/Ritvi/ModusToolbox/tools_2.2
CY8CKIT-062-WIFI-BT.mk: ./libs/TARGET_CY8CKIT-062-WIFI-BT/CY8CKIT-062-WIFI-BT.mk

Initializing build: BLE_EnvironmentalSensingService Debug CY8CKIT-062-WIFI-BT GCC_ARM

Auto-discovery in progress...
-> Found 223 .c file(s)
-> Found 46 .S file(s)
-> Found 23 .s file(s)
-> Found 0 .cpp file(s)
-> Found 0 .o file(s)
-> Found 22 .a file(s)
-> Found 536 .h file(s)
-> Found 0 .hpp file(s)
-> Found 0 resource file(s)
Applying filters...
Auto-discovery complete

Constructing build rules...
Build rules construction complete

==============================================================================
= Building application =
==============================================================================
Generating compilation database file...
-> ./build/compile_commands.json
Compilation database file generation complete
Building 202 file(s)
==============================================================================
= Build complete =
==============================================================================

Calculating memory consumption: CY8C6247BZI-D54 GCC_ARM -Og

   ---------------------------------------------------- 
  | Section Name         |  Address      |  Size       | 
   ---------------------------------------------------- 
  | .cy_m0p_image        |  0x10000000   |  6216       | 
  | .text                |  0x10002000   |  183516     | 
  | .ARM.exidx           |  0x1002ecdc   |  8          | 
  | .copy.table          |  0x1002ece4   |  24         | 
  | .zero.table          |  0x1002ecfc   |  8          | 
  | .data                |  0x0800228c   |  1844       | 
  | .cy_sharedmem        |  0x080029c0   |  12         | 
  | .noinit              |  0x080029d0   |  148        | 
  | .bss                 |  0x08002a68   |  4660       | 
  | .heap                |  0x08003ca0   |  273248     | 
   ---------------------------------------------------- 

  Total Internal Flash (Available)          1048576    
  Total Internal Flash (Utilized)           193612     

  Total Internal SRAM (Available)           292864     
  Total Internal SRAM (Utilized with heap)  279912     

  

02:43:21 Build Finished. 0 errors, 0 warnings. (took 3s.897ms)

